Flow report for top_level
Sat Jun 17 20:10:20 2023
Quartus Prime Version 21.1.0 Build 842 10/21/2021 SJ Lite Edition


---------------------
; Table of Contents ;
---------------------
  1. Legal Notice
  2. Flow Summary
  3. Flow Settings
  4. Flow Non-Default Global Settings
  5. Flow Elapsed Time
  6. Flow OS Summary
  7. Flow Log
  8. Flow Messages
  9. Flow Suppressed Messages



----------------
; Legal Notice ;
----------------
Copyright (C) 2021  Intel Corporation. All rights reserved.
Your use of Intel Corporation's design tools, logic functions 
and other software and tools, and any partner logic 
functions, and any output files from any of the foregoing 
(including device programming or simulation files), and any 
associated documentation or information are expressly subject 
to the terms and conditions of the Intel Program License 
Subscription Agreement, the Intel Quartus Prime License Agreement,
the Intel FPGA IP License Agreement, or other applicable license
agreement, including, without limitation, that your use is for
the sole purpose of programming logic devices manufactured by
Intel and sold by Intel or its authorized distributors.  Please
refer to the applicable agreement for further details, at
https://fpgasoftware.intel.com/eula.



+---------------------------------------------------------------------------------+
; Flow Summary                                                                    ;
+-----------------------------------+---------------------------------------------+
; Flow Status                       ; Successful - Sat Jun 17 20:10:15 2023       ;
; Quartus Prime Version             ; 21.1.0 Build 842 10/21/2021 SJ Lite Edition ;
; Revision Name                     ; top_level                                   ;
; Top-level Entity Name             ; top_level                                   ;
; Family                            ; Arria II GX                                 ;
; Logic utilization                 ; 8 %                                         ;
;     Combinational ALUTs           ; 1,422 / 36,100 ( 4 % )                      ;
;     Memory ALUTs                  ; 0 / 18,050 ( 0 % )                          ;
;     Dedicated logic registers     ; 2,188 / 36,100 ( 6 % )                      ;
; Total registers                   ; 2188                                        ;
; Total pins                        ; 3 / 176 ( 2 % )                             ;
; Total virtual pins                ; 0                                           ;
; Total block memory bits           ; 0 / 2,939,904 ( 0 % )                       ;
; DSP block 18-bit elements         ; 0 / 232 ( 0 % )                             ;
; Total GXB Receiver Channel PCS    ; 0 / 4 ( 0 % )                               ;
; Total GXB Receiver Channel PMA    ; 0 / 4 ( 0 % )                               ;
; Total GXB Transmitter Channel PCS ; 0 / 4 ( 0 % )                               ;
; Total GXB Transmitter Channel PMA ; 0 / 4 ( 0 % )                               ;
; Total PLLs                        ; 0 / 4 ( 0 % )                               ;
; Total DLLs                        ; 0 / 2 ( 0 % )                               ;
; Device                            ; EP2AGX45CU17I3                              ;
; Timing Models                     ; Final                                       ;
+-----------------------------------+---------------------------------------------+


+-----------------------------------------+
; Flow Settings                           ;
+-------------------+---------------------+
; Option            ; Setting             ;
+-------------------+---------------------+
; Start date & time ; 06/17/2023 20:09:10 ;
; Main task         ; Compilation         ;
; Revision Name     ; top_level           ;
+-------------------+---------------------+


+-------------------------------------------------------------------------------------------------------------------------+
; Flow Non-Default Global Settings                                                                                        ;
+-------------------------------------+----------------------------------------+---------------+-------------+------------+
; Assignment Name                     ; Value                                  ; Default Value ; Entity Name ; Section Id ;
+-------------------------------------+----------------------------------------+---------------+-------------+------------+
; COMPILER_SIGNATURE_ID               ; 189506781530929.168705775001180        ; --            ; --          ; --         ;
; PARTITION_COLOR                     ; -- (Not supported for targeted family) ; --            ; --          ; Top        ;
; PARTITION_FITTER_PRESERVATION_LEVEL ; -- (Not supported for targeted family) ; --            ; --          ; Top        ;
; PARTITION_NETLIST_TYPE              ; -- (Not supported for targeted family) ; --            ; --          ; Top        ;
; PROJECT_OUTPUT_DIRECTORY            ; output_files                           ; --            ; --          ; --         ;
+-------------------------------------+----------------------------------------+---------------+-------------+------------+


+--------------------------------------------------------------------------------------------------------------------------+
; Flow Elapsed Time                                                                                                        ;
+----------------------+--------------+-------------------------+---------------------+------------------------------------+
; Module Name          ; Elapsed Time ; Average Processors Used ; Peak Virtual Memory ; Total CPU Time (on all processors) ;
+----------------------+--------------+-------------------------+---------------------+------------------------------------+
; Analysis & Synthesis ; 00:00:17     ; 1.0                     ; 0 MB                ; 00:00:08                           ;
; Fitter               ; 00:00:39     ; 1.1                     ; 0 MB                ; 00:00:56                           ;
; Assembler            ; 00:00:03     ; 1.0                     ; 0 MB                ; 00:00:03                           ;
; Timing Analyzer      ; 00:00:03     ; 1.1                     ; 0 MB                ; 00:00:03                           ;
; Total                ; 00:01:02     ; --                      ; --                  ; 00:01:10                           ;
+----------------------+--------------+-------------------------+---------------------+------------------------------------+


+-------------------------------------------------------------------------------------------------------+
; Flow OS Summary                                                                                       ;
+----------------------+--------------------------------------+-----------+------------+----------------+
; Module Name          ; Machine Hostname                     ; OS Name   ; OS Version ; Processor type ;
+----------------------+--------------------------------------+-----------+------------+----------------+
; Analysis & Synthesis ; shishiriyer-ThinkPad-X1-Carbon-Gen-9 ; Windows 7 ; 6.1        ; x86_64         ;
; Fitter               ; shishiriyer-ThinkPad-X1-Carbon-Gen-9 ; Windows 7 ; 6.1        ; x86_64         ;
; Assembler            ; shishiriyer-ThinkPad-X1-Carbon-Gen-9 ; Windows 7 ; 6.1        ; x86_64         ;
; Timing Analyzer      ; shishiriyer-ThinkPad-X1-Carbon-Gen-9 ; Windows 7 ; 6.1        ; x86_64         ;
+----------------------+--------------------------------------+-----------+------------+----------------+


------------
; Flow Log ;
------------
quartus_map --read_settings_files=on --write_settings_files=off cse141_final_project -c top_level
quartus_fit --read_settings_files=off --write_settings_files=off cse141_final_project -c top_level
quartus_asm --read_settings_files=off --write_settings_files=off cse141_final_project -c top_level
quartus_sta cse141_final_project -c top_level



